
> server@1.0.0 start
> node index.js

[v8.0 (Clean URI)] 10:22:41 AM | BOOT: Starting Sonons v8.0 (Clean URI)...
[v8.0 (Clean URI)] 10:22:41 AM | Daily stop scheduled for 1/29/2026, 5:00:00 PM
[v8.0 (Clean URI)] 10:22:41 AM | Sonons v8.0 (Clean URI) Ready.
[v8.0 (Clean URI)] 10:22:45 AM | [REQ] GET /status
[v8.0 (Clean URI)] 10:22:48 AM | [REQ] GET /check
[v8.0 (Clean URI)] 10:22:50 AM | [REQ] GET /status
[v8.0 (Clean URI)] 10:22:55 AM | [REQ] GET /status
[v8.0 (Clean URI)] 10:23:00 AM | [REQ] GET /status
[v8.0 (Clean URI)] 10:23:05 AM | [REQ] GET /status
[v8.0 (Clean URI)] 10:23:10 AM | [REQ] GET /status
[v8.0 (Clean URI)] 10:23:15 AM | [REQ] GET /status
[v8.0 (Clean URI)] 10:23:20 AM | [REQ] GET /status
[v8.0 (Clean URI)] 10:23:25 AM | [REQ] GET /status
[v8.0 (Clean URI)] 10:23:30 AM | [REQ] GET /status
[v8.0 (Clean URI)] 10:23:34 AM | [REQ] GET /devices
[v8.0 (Clean URI)] 10:23:34 AM | [REQ] GET /status
[v8.0 (Clean URI)] 10:23:34 AM | [REQ] GET /status
[v8.0 (Clean URI)] 10:23:38 AM | [REQ] GET /devices
[v8.0 (Clean URI)] 10:23:39 AM | [REQ] GET /status
[v8.0 (Clean URI)] 10:23:40 AM | [REQ] GET /scan
[v8.0 (Clean URI)] 10:23:43 AM | [REQ] GET /scan
[v8.0 (Clean URI)] 10:23:44 AM | [REQ] GET /status
[v8.0 (Clean URI)] 10:23:49 AM | [REQ] GET /status
[v8.0 (Clean URI)] 10:23:54 AM | [REQ] GET /sonons.mp3
[v8.0 (Clean URI)] 10:23:54 AM | SPEAKER CONNECTED to /sonons.mp3
[v8.0 (Clean URI)] 10:23:54 AM | No active URL set, closing connection.
[v8.0 (Clean URI)] 10:23:54 AM | [REQ] GET /status
[v8.0 (Clean URI)] 10:24:00 AM | [REQ] GET /status
[v8.0 (Clean URI)] 10:24:05 AM | [REQ] GET /status
[v8.0 (Clean URI)] 10:24:10 AM | [REQ] GET /status
[v8.0 (Clean URI)] 10:24:15 AM | [REQ] GET /status
[v8.0 (Clean URI)] 10:24:20 AM | [REQ] GET /status
[v8.0 (Clean URI)] 10:24:25 AM | [REQ] GET /status
[v8.0 (Clean URI)] 10:24:30 AM | [REQ] GET /status
[v8.0 (Clean URI)] 10:24:35 AM | [REQ] GET /status
[v8.0 (Clean URI)] 10:24:39 AM | [REQ] GET /status
[v8.0 (Clean URI)] 10:24:40 AM | [REQ] POST /group
[v8.0 (Clean URI)] 10:24:40 AM | - Joined 10.10.4.188 -> Media Room
[v8.0 (Clean URI)] 10:24:40 AM | [REQ] POST /play
[v8.0 (Clean URI)] 10:24:40 AM | SETUP CLEAN PLAY: https://www.youtube.com/watch?v=RwAIdGJAl78&list=RDRwAIdGJAl78&start_radio=1 on 10.10.4.104
[v8.0 (Clean URI)] 10:24:42 AM | - Title: 【朝カフェ☕作業用BGM】冬の光が差し込む朝の洋楽❄️部屋でかけ流す心地よいプレイリスト🎧｜Playlist｜Chill & Relax｜4時間｜家事｜女性ボーカル
[v8.0 (Clean URI)] 10:24:42 AM | - Primary URI: x-rincon-mp3radio://10.10.4.213:3005/sonons.mp3
[v8.0 (Clean URI)] 10:24:42 AM | - Trying AVTransport: x-rincon-mp3radio + meta
[v8.0 (Clean URI)] 10:24:42 AM | - Starting playback...
[v8.0 (Clean URI)] 10:24:43 AM | [REQ] GET /sonons.mp3
[v8.0 (Clean URI)] 10:24:43 AM | SPEAKER CONNECTED to /sonons.mp3
[v8.0 (Clean URI)] 10:24:44 AM | - Direct URL resolved
[v8.0 (Clean URI)] 10:24:44 AM | [REQ] GET /status
[v8.0 (Clean URI)] 10:24:45 AM | STREAM CLOSED.
[v8.0 (Clean URI)] 10:24:45 AM | [SUCCESS] Device accepted: x-rincon-mp3radio + meta
[v8.0 (Clean URI)] 10:24:45 AM | FF Exit: code=255 signal=null
[v8.0 (Clean URI)] 10:24:45 AM | [REQ] GET /sonons.mp3
[v8.0 (Clean URI)] 10:24:45 AM | SPEAKER CONNECTED to /sonons.mp3
[v8.0 (Clean URI)] 10:24:46 AM | - Direct URL resolved
[v8.0 (Clean URI)] 10:24:49 AM | [REQ] GET /status
[v8.0 (Clean URI)] 10:24:54 AM | [REQ] GET /status
[v8.0 (Clean URI)] 10:24:59 AM | [REQ] GET /status
[v8.0 (Clean URI)] 10:25:04 AM | [REQ] GET /status
[v8.0 (Clean URI)] 10:25:09 AM | [REQ] GET /status
[v8.0 (Clean URI)] 10:25:14 AM | [REQ] GET /status
[v8.0 (Clean URI)] 10:25:19 AM | [REQ] GET /status
[v8.0 (Clean URI)] 10:25:24 AM | [REQ] GET /status
[v8.0 (Clean URI)] 10:25:29 AM | [REQ] GET /status
[v8.0 (Clean URI)] 10:25:34 AM | [REQ] GET /status
[v8.0 (Clean URI)] 10:25:39 AM | [REQ] GET /status
[v8.0 (Clean URI)] 10:25:44 AM | [REQ] GET /status
[v8.0 (Clean URI)] 10:25:49 AM | [REQ] GET /status
[v8.0 (Clean URI)] 10:25:54 AM | [REQ] GET /status
[v8.0 (Clean URI)] 10:25:59 AM | [REQ] GET /status
[v8.0 (Clean URI)] 10:26:04 AM | [REQ] GET /status
[v8.0 (Clean URI)] 10:26:09 AM | [REQ] GET /status
[v8.0 (Clean URI)] 10:26:14 AM | [REQ] GET /status
[v8.0 (Clean URI)] 10:26:19 AM | [REQ] GET /status
[v8.0 (Clean URI)] 10:26:24 AM | [REQ] GET /status
[v8.0 (Clean URI)] 10:26:29 AM | [REQ] GET /status
[v8.0 (Clean URI)] 10:26:34 AM | [REQ] GET /status
[v8.0 (Clean URI)] 10:26:39 AM | [REQ] GET /status
[v8.0 (Clean URI)] 10:26:44 AM | [REQ] GET /status
[v8.0 (Clean URI)] 10:26:49 AM | [REQ] GET /status
[v8.0 (Clean URI)] 10:26:54 AM | [REQ] GET /status
[v8.0 (Clean URI)] 10:26:59 AM | [REQ] GET /status
[v8.0 (Clean URI)] 10:27:04 AM | [REQ] GET /status
[v8.0 (Clean URI)] 10:27:09 AM | [REQ] GET /status
[v8.0 (Clean URI)] 10:27:14 AM | [REQ] GET /status
[v8.0 (Clean URI)] 10:27:19 AM | [REQ] GET /status
[v8.0 (Clean URI)] 10:27:24 AM | [REQ] GET /status
[v8.0 (Clean URI)] 10:27:29 AM | [REQ] GET /status
[v8.0 (Clean URI)] 10:27:34 AM | [REQ] GET /status
[v8.0 (Clean URI)] 10:27:39 AM | [REQ] GET /status
[v8.0 (Clean URI)] 10:27:44 AM | [REQ] GET /status
[v8.0 (Clean URI)] 10:27:49 AM | [REQ] GET /status
[v8.0 (Clean URI)] 10:27:54 AM | [REQ] GET /status
[v8.0 (Clean URI)] 10:27:59 AM | [REQ] GET /status
[v8.0 (Clean URI)] 10:28:04 AM | [REQ] GET /status
[v8.0 (Clean URI)] 10:28:09 AM | [REQ] GET /status
[v8.0 (Clean URI)] 10:28:14 AM | [REQ] GET /status
[v8.0 (Clean URI)] 10:28:19 AM | [REQ] GET /status
[v8.0 (Clean URI)] 10:28:24 AM | [REQ] GET /status
[v8.0 (Clean URI)] 10:28:29 AM | [REQ] GET /status
[v8.0 (Clean URI)] 10:28:34 AM | [REQ] GET /status
[v8.0 (Clean URI)] 10:28:39 AM | [REQ] GET /status
[v8.0 (Clean URI)] 10:28:44 AM | [REQ] GET /status
[v8.0 (Clean URI)] 10:28:49 AM | [REQ] GET /status
[v8.0 (Clean URI)] 10:28:54 AM | [REQ] GET /status
[v8.0 (Clean URI)] 10:28:59 AM | [REQ] GET /status
[v8.0 (Clean URI)] 10:29:04 AM | [REQ] GET /status
[v8.0 (Clean URI)] 10:29:09 AM | [REQ] GET /status
[v8.0 (Clean URI)] 10:29:14 AM | [REQ] GET /status
[v8.0 (Clean URI)] 10:29:19 AM | [REQ] GET /status
[v8.0 (Clean URI)] 10:29:24 AM | [REQ] GET /status
[v8.0 (Clean URI)] 10:29:29 AM | [REQ] GET /status
[v8.0 (Clean URI)] 10:29:34 AM | [REQ] GET /status
[v8.0 (Clean URI)] 10:29:39 AM | [REQ] GET /status
[v8.0 (Clean URI)] 10:29:44 AM | [REQ] GET /status
[v8.0 (Clean URI)] 10:29:49 AM | [REQ] GET /status
[v8.0 (Clean URI)] 10:29:53 AM | [REQ] GET /devices
[v8.0 (Clean URI)] 10:29:53 AM | [REQ] GET /status
[v8.0 (Clean URI)] 10:29:53 AM | [REQ] GET /status
[v8.0 (Clean URI)] 10:29:57 AM | [REQ] GET /devices
[v8.0 (Clean URI)] 10:29:58 AM | [REQ] GET /status
[v8.0 (Clean URI)] 10:30:01 AM | [REQ] GET /scan
[v8.0 (Clean URI)] 10:30:02 AM | [REQ] GET /scan
[v8.0 (Clean URI)] 10:30:03 AM | [REQ] GET /status
[v8.0 (Clean URI)] 10:30:08 AM | [REQ] GET /status
[v8.0 (Clean URI)] 10:30:13 AM | [REQ] GET /status
[v8.0 (Clean URI)] 10:30:18 AM | [REQ] GET /status
[v8.0 (Clean URI)] 10:30:23 AM | [REQ] GET /status
[v8.0 (Clean URI)] 10:30:28 AM | [REQ] GET /status
[v8.0 (Clean URI)] 10:30:33 AM | [REQ] GET /status
[v8.0 (Clean URI)] 10:30:38 AM | [REQ] GET /status
[v8.0 (Clean URI)] 10:30:43 AM | [REQ] GET /status
[v8.0 (Clean URI)] 10:30:48 AM | [REQ] GET /status
[v8.0 (Clean URI)] 10:30:53 AM | [REQ] GET /status
[v8.0 (Clean URI)] 10:30:58 AM | [REQ] GET /status
[v8.0 (Clean URI)] 10:31:03 AM | [REQ] GET /status
[v8.0 (Clean URI)] 10:31:08 AM | [REQ] GET /status
[v8.0 (Clean URI)] 10:31:13 AM | [REQ] GET /status
[v8.0 (Clean URI)] 10:31:18 AM | [REQ] GET /status
[v8.0 (Clean URI)] 10:31:23 AM | [REQ] GET /status
[v8.0 (Clean URI)] 10:31:28 AM | [REQ] GET /status
[v8.0 (Clean URI)] 10:31:33 AM | [REQ] GET /status
[v8.0 (Clean URI)] 10:31:38 AM | [REQ] GET /status
[v8.0 (Clean URI)] 10:31:43 AM | [REQ] GET /status
[v8.0 (Clean URI)] 10:31:48 AM | [REQ] GET /status
[v8.0 (Clean URI)] 10:31:53 AM | [REQ] GET /status
[v8.0 (Clean URI)] 10:31:58 AM | [REQ] GET /status
[v8.0 (Clean URI)] 10:32:03 AM | [REQ] GET /status
[v8.0 (Clean URI)] 10:32:08 AM | [REQ] GET /status
[v8.0 (Clean URI)] 10:32:13 AM | [REQ] GET /status
[v8.0 (Clean URI)] 10:32:18 AM | [REQ] GET /status
[v8.0 (Clean URI)] 10:32:23 AM | [REQ] GET /status
[v8.0 (Clean URI)] 10:32:28 AM | [REQ] GET /status
[v8.0 (Clean URI)] 10:32:33 AM | [REQ] GET /status
[v8.0 (Clean URI)] 10:32:36 AM | [REQ] GET /devices
[v8.0 (Clean URI)] 10:32:36 AM | [REQ] GET /status
[v8.0 (Clean URI)] 10:32:36 AM | [REQ] GET /status
[v8.0 (Clean URI)] 10:32:40 AM | [REQ] GET /devices
[v8.0 (Clean URI)] 10:32:41 AM | [REQ] GET /scan
[v8.0 (Clean URI)] 10:32:41 AM | [REQ] GET /status
[v8.0 (Clean URI)] 10:32:46 AM | [REQ] GET /status
[v8.0 (Clean URI)] 10:32:46 AM | [REQ] GET /devices
[v8.0 (Clean URI)] 10:32:46 AM | [REQ] GET /status
[v8.0 (Clean URI)] 10:32:50 AM | [REQ] GET /devices
[v8.0 (Clean URI)] 10:32:51 AM | [REQ] GET /scan
[v8.0 (Clean URI)] 10:32:51 AM | [REQ] GET /status
[v8.0 (Clean URI)] 10:32:55 AM | [REQ] GET /scan
[v8.0 (Clean URI)] 10:32:56 AM | [REQ] GET /status
[v8.0 (Clean URI)] 10:33:01 AM | [REQ] GET /status
[v8.0 (Clean URI)] 10:33:06 AM | [REQ] GET /status
[v8.0 (Clean URI)] 10:33:11 AM | [REQ] GET /status
[v8.0 (Clean URI)] 10:33:16 AM | [REQ] GET /status
[v8.0 (Clean URI)] 10:33:21 AM | [REQ] GET /status
[v8.0 (Clean URI)] 10:33:26 AM | [REQ] GET /devices
[v8.0 (Clean URI)] 10:33:26 AM | [REQ] GET /status
[v8.0 (Clean URI)] 10:33:26 AM | [REQ] GET /status
[v8.0 (Clean URI)] 10:33:26 AM | [REQ] GET /status
[v8.0 (Clean URI)] 10:33:30 AM | [REQ] GET /devices
[v8.0 (Clean URI)] 10:33:31 AM | [REQ] GET /status
[v8.0 (Clean URI)] 10:33:31 AM | [REQ] GET /scan
[v8.0 (Clean URI)] 10:33:31 AM | [REQ] GET /status
[v8.0 (Clean URI)] 10:33:35 AM | [REQ] GET /scan
[v8.0 (Clean URI)] 10:33:36 AM | [REQ] GET /status
[v8.0 (Clean URI)] 10:33:36 AM | [REQ] GET /status
[v8.0 (Clean URI)] 10:33:41 AM | [REQ] GET /status
[v8.0 (Clean URI)] 10:33:46 AM | [REQ] GET /status
[v8.0 (Clean URI)] 10:33:51 AM | [REQ] GET /status
[v8.0 (Clean URI)] 10:33:56 AM | [REQ] GET /status
[v8.0 (Clean URI)] 10:34:01 AM | [REQ] GET /status
[v8.0 (Clean URI)] 10:34:06 AM | [REQ] GET /status
[v8.0 (Clean URI)] 10:34:11 AM | [REQ] GET /status
[v8.0 (Clean URI)] 10:34:16 AM | [REQ] GET /status
[v8.0 (Clean URI)] 10:34:21 AM | [REQ] GET /status
[v8.0 (Clean URI)] 10:34:24 AM | [REQ] GET /status
[v8.0 (Clean URI)] 10:34:24 AM | [REQ] GET /status
[v8.0 (Clean URI)] 10:34:24 AM | [REQ] GET /devices
[v8.0 (Clean URI)] 10:34:26 AM | [REQ] GET /devices
[v8.0 (Clean URI)] 10:34:26 AM | [REQ] GET /status
[v8.0 (Clean URI)] 10:34:26 AM | [REQ] GET /status
[v8.0 (Clean URI)] 10:34:30 AM | [REQ] GET /devices
[v8.0 (Clean URI)] 10:34:31 AM | [REQ] GET /status
[v8.0 (Clean URI)] 10:34:31 AM | [REQ] GET /scan
[v8.0 (Clean URI)] 10:34:36 AM | [REQ] GET /status
[v8.0 (Clean URI)] 10:34:38 AM | [REQ] GET /scan
[v8.0 (Clean URI)] 10:34:41 AM | [REQ] GET /status
[v8.0 (Clean URI)] 10:34:46 AM | [REQ] GET /status
[v8.0 (Clean URI)] 10:34:51 AM | [REQ] GET /status
[v8.0 (Clean URI)] 10:34:56 AM | [REQ] GET /status
[v8.0 (Clean URI)] 10:35:01 AM | [REQ] GET /status
[v8.0 (Clean URI)] 10:35:06 AM | [REQ] GET /status
[v8.0 (Clean URI)] 10:35:11 AM | [REQ] GET /status
[v8.0 (Clean URI)] 10:35:16 AM | [REQ] GET /status
[v8.0 (Clean URI)] 10:35:21 AM | [REQ] GET /status
[v8.0 (Clean URI)] 10:35:26 AM | [REQ] GET /status
[v8.0 (Clean URI)] 10:35:31 AM | [REQ] GET /status
[v8.0 (Clean URI)] 10:35:36 AM | [REQ] GET /status
[v8.0 (Clean URI)] 10:35:41 AM | [REQ] GET /status
[v8.0 (Clean URI)] 10:35:46 AM | [REQ] GET /status
[v8.0 (Clean URI)] 10:35:51 AM | [REQ] GET /status
[v8.0 (Clean URI)] 10:35:56 AM | [REQ] GET /status
[v8.0 (Clean URI)] 10:36:01 AM | [REQ] GET /status
[v8.0 (Clean URI)] 10:36:06 AM | [REQ] GET /status
[v8.0 (Clean URI)] 10:36:11 AM | [REQ] GET /status
[v8.0 (Clean URI)] 10:36:16 AM | [REQ] GET /status
[v8.0 (Clean URI)] 10:36:21 AM | [REQ] GET /status
[v8.0 (Clean URI)] 10:36:26 AM | [REQ] GET /status
[v8.0 (Clean URI)] 10:36:31 AM | [REQ] GET /status
[v8.0 (Clean URI)] 10:36:36 AM | [REQ] GET /status
[v8.0 (Clean URI)] 10:36:41 AM | [REQ] GET /status
[v8.0 (Clean URI)] 10:36:46 AM | [REQ] GET /status
[v8.0 (Clean URI)] 10:36:51 AM | [REQ] GET /status
[v8.0 (Clean URI)] 10:36:56 AM | [REQ] GET /status
[v8.0 (Clean URI)] 10:37:01 AM | [REQ] GET /status
[v8.0 (Clean URI)] 10:37:06 AM | [REQ] GET /status
[v8.0 (Clean URI)] 10:37:11 AM | [REQ] GET /status
[v8.0 (Clean URI)] 10:37:16 AM | [REQ] GET /status
[v8.0 (Clean URI)] 10:37:21 AM | [REQ] GET /status
[v8.0 (Clean URI)] 10:37:26 AM | [REQ] GET /status
[v8.0 (Clean URI)] 10:37:31 AM | [REQ] GET /status
[v8.0 (Clean URI)] 10:37:36 AM | [REQ] GET /status
[v8.0 (Clean URI)] 10:37:41 AM | [REQ] GET /status
[v8.0 (Clean URI)] 10:37:46 AM | [REQ] GET /status
[v8.0 (Clean URI)] 10:37:51 AM | [REQ] GET /status
[v8.0 (Clean URI)] 10:37:56 AM | [REQ] GET /status
[v8.0 (Clean URI)] 10:38:01 AM | [REQ] GET /status
[v8.0 (Clean URI)] 10:38:06 AM | [REQ] GET /status
[v8.0 (Clean URI)] 10:38:11 AM | [REQ] GET /status
[v8.0 (Clean URI)] 10:38:16 AM | [REQ] GET /status
[v8.0 (Clean URI)] 10:38:21 AM | [REQ] GET /status
[v8.0 (Clean URI)] 10:38:26 AM | [REQ] GET /status
[v8.0 (Clean URI)] 10:38:31 AM | [REQ] GET /status
[v8.0 (Clean URI)] 10:38:36 AM | [REQ] GET /status
[v8.0 (Clean URI)] 10:38:41 AM | [REQ] GET /status
[v8.0 (Clean URI)] 10:38:46 AM | [REQ] GET /status
[v8.0 (Clean URI)] 10:38:51 AM | [REQ] GET /status
[v8.0 (Clean URI)] 10:38:56 AM | [REQ] GET /status
[v8.0 (Clean URI)] 10:39:01 AM | [REQ] GET /status
[v8.0 (Clean URI)] 10:39:06 AM | [REQ] GET /status
[v8.0 (Clean URI)] 10:39:11 AM | [REQ] GET /status
[v8.0 (Clean URI)] 10:39:16 AM | [REQ] GET /status
[v8.0 (Clean URI)] 10:39:21 AM | [REQ] GET /status
[v8.0 (Clean URI)] 10:39:26 AM | [REQ] GET /status
[v8.0 (Clean URI)] 10:39:31 AM | [REQ] GET /status
[v8.0 (Clean URI)] 10:39:36 AM | [REQ] GET /status
[v8.0 (Clean URI)] 10:39:41 AM | [REQ] GET /status
[v8.0 (Clean URI)] 10:39:46 AM | [REQ] GET /status
[v8.0 (Clean URI)] 10:39:51 AM | [REQ] GET /status
[v8.0 (Clean URI)] 10:39:56 AM | [REQ] GET /status
[v8.0 (Clean URI)] 10:40:01 AM | [REQ] GET /status
[v8.0 (Clean URI)] 10:40:06 AM | [REQ] GET /status
[v8.0 (Clean URI)] 10:40:11 AM | [REQ] GET /status
[v8.0 (Clean URI)] 10:40:16 AM | [REQ] GET /status
[v8.0 (Clean URI)] 10:40:21 AM | [REQ] GET /status
[v8.0 (Clean URI)] 10:40:26 AM | [REQ] GET /status
[v8.0 (Clean URI)] 10:40:31 AM | [REQ] GET /status
[v8.0 (Clean URI)] 10:40:36 AM | [REQ] GET /status
[v8.0 (Clean URI)] 10:40:41 AM | [REQ] GET /status
[v8.0 (Clean URI)] 10:40:46 AM | [REQ] GET /status
[v8.0 (Clean URI)] 10:40:51 AM | [REQ] GET /status
[v8.0 (Clean URI)] 10:40:56 AM | [REQ] GET /status
[v8.0 (Clean URI)] 10:41:01 AM | [REQ] GET /status
[v8.0 (Clean URI)] 10:41:06 AM | [REQ] GET /status
[v8.0 (Clean URI)] 10:41:11 AM | [REQ] GET /status
[v8.0 (Clean URI)] 10:41:16 AM | [REQ] GET /status
[v8.0 (Clean URI)] 10:41:21 AM | [REQ] GET /status
[v8.0 (Clean URI)] 10:41:26 AM | [REQ] GET /status
[v8.0 (Clean URI)] 10:41:31 AM | [REQ] GET /status
[v8.0 (Clean URI)] 10:41:36 AM | [REQ] GET /status
[v8.0 (Clean URI)] 10:41:41 AM | [REQ] GET /status
[v8.0 (Clean URI)] 10:41:46 AM | [REQ] GET /status
[v8.0 (Clean URI)] 10:41:51 AM | [REQ] GET /status
[v8.0 (Clean URI)] 10:41:56 AM | [REQ] GET /status
[v8.0 (Clean URI)] 10:42:01 AM | [REQ] GET /status
[v8.0 (Clean URI)] 10:42:06 AM | [REQ] GET /status
[v8.0 (Clean URI)] 10:42:11 AM | [REQ] GET /status
[v8.0 (Clean URI)] 10:42:16 AM | [REQ] GET /status
[v8.0 (Clean URI)] 10:42:21 AM | [REQ] GET /status
[v8.0 (Clean URI)] 10:42:26 AM | [REQ] GET /status
[v8.0 (Clean URI)] 10:42:31 AM | [REQ] GET /status
[v8.0 (Clean URI)] 10:42:36 AM | [REQ] GET /status
[v8.0 (Clean URI)] 10:42:41 AM | [REQ] GET /status
[v8.0 (Clean URI)] 10:42:46 AM | [REQ] GET /status
[v8.0 (Clean URI)] 10:42:51 AM | [REQ] GET /status
[v8.0 (Clean URI)] 10:42:56 AM | [REQ] GET /status
[v8.0 (Clean URI)] 10:43:01 AM | [REQ] GET /status
[v8.0 (Clean URI)] 10:43:06 AM | [REQ] GET /status
[v8.0 (Clean URI)] 10:43:11 AM | [REQ] GET /status
[v8.0 (Clean URI)] 10:43:16 AM | [REQ] GET /status
[v8.0 (Clean URI)] 10:43:21 AM | [REQ] GET /status
[v8.0 (Clean URI)] 10:43:26 AM | [REQ] GET /status
[v8.0 (Clean URI)] 10:43:31 AM | [REQ] GET /status
[v8.0 (Clean URI)] 10:43:36 AM | [REQ] GET /status
[v8.0 (Clean URI)] 10:43:41 AM | [REQ] GET /status
[v8.0 (Clean URI)] 10:43:46 AM | [REQ] GET /status
[v8.0 (Clean URI)] 10:43:51 AM | [REQ] GET /status
[v8.0 (Clean URI)] 10:43:56 AM | [REQ] GET /status
[v8.0 (Clean URI)] 10:43:58 AM | [REQ] GET /devices
[v8.0 (Clean URI)] 10:43:58 AM | [REQ] GET /status
[v8.0 (Clean URI)] 10:43:58 AM | [REQ] GET /status
[v8.0 (Clean URI)] 10:44:02 AM | [REQ] GET /devices
[v8.0 (Clean URI)] 10:44:02 AM | [REQ] GET /scan
[v8.0 (Clean URI)] 10:44:03 AM | [REQ] GET /status
[v8.0 (Clean URI)] 10:44:06 AM | [REQ] GET /scan
[v8.0 (Clean URI)] 10:44:08 AM | [REQ] GET /status
[v8.0 (Clean URI)] 10:44:13 AM | [REQ] GET /status
[v8.0 (Clean URI)] 10:44:18 AM | [REQ] GET /status
[v8.0 (Clean URI)] 10:44:23 AM | [REQ] GET /status
[v8.0 (Clean URI)] 10:44:28 AM | [REQ] GET /status
[v8.0 (Clean URI)] 10:44:34 AM | [REQ] GET /status
[v8.0 (Clean URI)] 10:44:39 AM | [REQ] GET /status
[v8.0 (Clean URI)] 10:44:44 AM | [REQ] GET /status
[v8.0 (Clean URI)] 10:44:49 AM | [REQ] GET /status
[v8.0 (Clean URI)] 10:44:54 AM | [REQ] GET /status
[v8.0 (Clean URI)] 10:44:59 AM | [REQ] GET /status
[v8.0 (Clean URI)] 10:45:04 AM | [REQ] GET /status
[v8.0 (Clean URI)] 10:45:09 AM | [REQ] GET /status
[v8.0 (Clean URI)] 10:45:14 AM | [REQ] GET /status
[v8.0 (Clean URI)] 10:45:19 AM | [REQ] GET /status
[v8.0 (Clean URI)] 10:45:24 AM | [REQ] GET /status
[v8.0 (Clean URI)] 10:45:56 AM | [REQ] GET /status
[v8.0 (Clean URI)] 10:46:56 AM | [REQ] GET /status
[v8.0 (Clean URI)] 10:47:35 AM | [REQ] GET /status
[v8.0 (Clean URI)] 10:47:38 AM | [REQ] GET /status
[v8.0 (Clean URI)] 10:47:43 AM | [REQ] GET /status
[v8.0 (Clean URI)] 10:47:48 AM | [REQ] GET /status
[v8.0 (Clean URI)] 10:47:53 AM | [REQ] GET /status
[v8.0 (Clean URI)] 10:47:58 AM | [REQ] GET /status
[v8.0 (Clean URI)] 10:48:03 AM | [REQ] GET /status
[v8.0 (Clean URI)] 10:48:08 AM | [REQ] GET /status
[v8.0 (Clean URI)] 10:48:13 AM | [REQ] GET /status
[v8.0 (Clean URI)] 10:48:18 AM | [REQ] GET /status
[v8.0 (Clean URI)] 10:48:23 AM | [REQ] GET /status
[v8.0 (Clean URI)] 10:48:28 AM | [REQ] GET /status
[v8.0 (Clean URI)] 10:48:33 AM | [REQ] GET /status
[v8.0 (Clean URI)] 10:48:38 AM | [REQ] GET /status
[v8.0 (Clean URI)] 10:48:43 AM | [REQ] GET /status
[v8.0 (Clean URI)] 10:48:48 AM | [REQ] GET /status
[v8.0 (Clean URI)] 10:48:53 AM | [REQ] GET /status
[v8.0 (Clean URI)] 10:48:58 AM | [REQ] GET /status
[v8.0 (Clean URI)] 10:49:03 AM | [REQ] GET /status
[v8.0 (Clean URI)] 10:49:08 AM | [REQ] GET /status
[v8.0 (Clean URI)] 10:49:13 AM | [REQ] GET /status
[v8.0 (Clean URI)] 10:49:18 AM | [REQ] GET /status
[v8.0 (Clean URI)] 10:49:23 AM | [REQ] GET /status
[v8.0 (Clean URI)] 10:49:28 AM | [REQ] GET /status
[v8.0 (Clean URI)] 10:49:33 AM | [REQ] GET /status
[v8.0 (Clean URI)] 10:49:38 AM | [REQ] GET /status
[v8.0 (Clean URI)] 10:49:43 AM | [REQ] GET /status
[v8.0 (Clean URI)] 10:49:48 AM | [REQ] GET /status
[v8.0 (Clean URI)] 10:49:53 AM | [REQ] GET /status
[v8.0 (Clean URI)] 10:49:58 AM | [REQ] GET /status
[v8.0 (Clean URI)] 10:50:03 AM | [REQ] GET /status
[v8.0 (Clean URI)] 10:50:08 AM | [REQ] GET /status
[v8.0 (Clean URI)] 10:50:13 AM | [REQ] GET /status
[v8.0 (Clean URI)] 10:50:18 AM | [REQ] GET /status
[v8.0 (Clean URI)] 10:50:23 AM | [REQ] GET /status
[v8.0 (Clean URI)] 10:50:28 AM | [REQ] GET /status
[v8.0 (Clean URI)] 10:50:33 AM | [REQ] GET /status
[v8.0 (Clean URI)] 10:50:38 AM | [REQ] GET /status
[v8.0 (Clean URI)] 10:50:43 AM | [REQ] GET /status
[v8.0 (Clean URI)] 10:50:48 AM | [REQ] GET /status
[v8.0 (Clean URI)] 10:50:53 AM | [REQ] GET /status
[v8.0 (Clean URI)] 10:50:58 AM | [REQ] GET /status
[v8.0 (Clean URI)] 10:51:03 AM | [REQ] GET /status
[v8.0 (Clean URI)] 10:51:08 AM | [REQ] GET /status
[v8.0 (Clean URI)] 10:51:13 AM | [REQ] GET /status
[v8.0 (Clean URI)] 10:51:18 AM | [REQ] GET /status
[v8.0 (Clean URI)] 10:51:23 AM | [REQ] GET /status
[v8.0 (Clean URI)] 10:51:28 AM | [REQ] GET /status
[v8.0 (Clean URI)] 10:51:33 AM | [REQ] GET /status
[v8.0 (Clean URI)] 10:51:38 AM | [REQ] GET /status
[v8.0 (Clean URI)] 10:51:41 AM | [REQ] GET /devices
[v8.0 (Clean URI)] 10:51:41 AM | [REQ] GET /status
[v8.0 (Clean URI)] 10:51:41 AM | [REQ] GET /status
[v8.0 (Clean URI)] 10:51:43 AM | [REQ] GET /devices
[v8.0 (Clean URI)] 10:51:43 AM | [REQ] GET /devices
[v8.0 (Clean URI)] 10:51:43 AM | [REQ] GET /status
[v8.0 (Clean URI)] 10:51:43 AM | [REQ] GET /status
[v8.0 (Clean URI)] 10:51:47 AM | [REQ] GET /devices
[v8.0 (Clean URI)] 10:51:48 AM | [REQ] GET /scan
[v8.0 (Clean URI)] 10:51:48 AM | [REQ] GET /status
[v8.0 (Clean URI)] 10:51:53 AM | [REQ] GET /scan
[v8.0 (Clean URI)] 10:51:53 AM | [REQ] GET /status
[v8.0 (Clean URI)] 10:51:59 AM | [REQ] GET /status
[v8.0 (Clean URI)] 10:52:04 AM | [REQ] GET /status
[v8.0 (Clean URI)] 10:52:09 AM | [REQ] GET /status
[v8.0 (Clean URI)] 10:52:14 AM | [REQ] GET /status
[v8.0 (Clean URI)] 10:52:19 AM | [REQ] GET /status
[v8.0 (Clean URI)] 10:52:24 AM | [REQ] GET /status
[v8.0 (Clean URI)] 10:52:29 AM | [REQ] GET /status
[v8.0 (Clean URI)] 10:52:34 AM | [REQ] GET /status
[v8.0 (Clean URI)] 10:52:39 AM | [REQ] GET /status
[v8.0 (Clean URI)] 10:52:44 AM | [REQ] GET /status
[v8.0 (Clean URI)] 10:52:49 AM | [REQ] GET /status
[v8.0 (Clean URI)] 10:52:54 AM | [REQ] GET /status
[v8.0 (Clean URI)] 10:53:55 AM | [REQ] GET /status
[v8.0 (Clean URI)] 10:54:40 AM | [REQ] GET /status
[v8.0 (Clean URI)] 10:54:43 AM | [REQ] GET /status
[v8.0 (Clean URI)] 10:54:48 AM | [REQ] GET /status
[v8.0 (Clean URI)] 10:54:53 AM | [REQ] GET /status
[v8.0 (Clean URI)] 10:54:58 AM | [REQ] GET /status
[v8.0 (Clean URI)] 10:55:03 AM | [REQ] GET /status
[v8.0 (Clean URI)] 10:55:08 AM | [REQ] GET /status
[v8.0 (Clean URI)] 10:55:13 AM | [REQ] GET /status
[v8.0 (Clean URI)] 10:55:18 AM | [REQ] GET /status
[v8.0 (Clean URI)] 10:55:23 AM | [REQ] GET /status
[v8.0 (Clean URI)] 10:55:28 AM | [REQ] GET /status
[v8.0 (Clean URI)] 10:55:33 AM | [REQ] GET /status
[v8.0 (Clean URI)] 10:55:38 AM | [REQ] GET /status
[v8.0 (Clean URI)] 10:55:43 AM | [REQ] GET /status
[v8.0 (Clean URI)] 10:55:48 AM | [REQ] GET /status
[v8.0 (Clean URI)] 10:55:53 AM | [REQ] GET /status
[v8.0 (Clean URI)] 10:55:58 AM | [REQ] GET /status
[v8.0 (Clean URI)] 10:56:03 AM | [REQ] GET /status
[v8.0 (Clean URI)] 10:56:08 AM | [REQ] GET /status
[v8.0 (Clean URI)] 10:56:13 AM | [REQ] GET /status
[v8.0 (Clean URI)] 10:56:18 AM | [REQ] GET /status
[v8.0 (Clean URI)] 10:56:23 AM | [REQ] GET /status
[v8.0 (Clean URI)] 10:56:28 AM | [REQ] GET /status
[v8.0 (Clean URI)] 10:56:33 AM | [REQ] GET /status
[v8.0 (Clean URI)] 10:56:38 AM | [REQ] GET /status
[v8.0 (Clean URI)] 10:56:43 AM | [REQ] GET /status
[v8.0 (Clean URI)] 10:56:48 AM | [REQ] GET /status
[v8.0 (Clean URI)] 10:56:53 AM | [REQ] GET /status
[v8.0 (Clean URI)] 10:56:58 AM | [REQ] GET /status
[v8.0 (Clean URI)] 10:57:03 AM | [REQ] GET /status
[v8.0 (Clean URI)] 10:57:08 AM | [REQ] GET /status
[v8.0 (Clean URI)] 10:57:13 AM | [REQ] GET /status
[v8.0 (Clean URI)] 10:57:18 AM | [REQ] GET /status
[v8.0 (Clean URI)] 10:57:23 AM | [REQ] GET /status
[v8.0 (Clean URI)] 10:57:28 AM | [REQ] GET /status
[v8.0 (Clean URI)] 10:57:33 AM | [REQ] GET /status
[v8.0 (Clean URI)] 10:57:38 AM | [REQ] GET /status
[v8.0 (Clean URI)] 10:57:43 AM | [REQ] GET /status
[v8.0 (Clean URI)] 10:57:48 AM | [REQ] GET /status
[v8.0 (Clean URI)] 10:57:53 AM | [REQ] GET /status
[v8.0 (Clean URI)] 10:57:58 AM | [REQ] GET /status
[v8.0 (Clean URI)] 10:58:03 AM | [REQ] GET /status
[v8.0 (Clean URI)] 10:58:08 AM | [REQ] GET /status
[v8.0 (Clean URI)] 10:58:13 AM | [REQ] GET /status
[v8.0 (Clean URI)] 10:58:18 AM | [REQ] GET /status
[v8.0 (Clean URI)] 10:58:23 AM | [REQ] GET /status
[v8.0 (Clean URI)] 10:58:28 AM | [REQ] GET /status
[v8.0 (Clean URI)] 10:58:33 AM | [REQ] GET /status
[v8.0 (Clean URI)] 10:58:38 AM | [REQ] GET /status
[v8.0 (Clean URI)] 10:58:43 AM | [REQ] GET /status
[v8.0 (Clean URI)] 10:58:48 AM | [REQ] GET /status
[v8.0 (Clean URI)] 10:58:48 AM | [REQ] GET /devices
[v8.0 (Clean URI)] 10:58:48 AM | [REQ] GET /devices
[v8.0 (Clean URI)] 10:58:48 AM | [REQ] GET /status
[v8.0 (Clean URI)] 10:58:53 AM | [REQ] GET /status
[v8.0 (Clean URI)] 10:58:53 AM | [REQ] GET /scan
[v8.0 (Clean URI)] 10:58:58 AM | [REQ] GET /status
[v8.0 (Clean URI)] 10:59:03 AM | [REQ] GET /status
[v8.0 (Clean URI)] 10:59:08 AM | [REQ] GET /status
[v8.0 (Clean URI)] 10:59:13 AM | [REQ] GET /status
[v8.0 (Clean URI)] 10:59:18 AM | [REQ] GET /status
[v8.0 (Clean URI)] 10:59:23 AM | [REQ] GET /status
[v8.0 (Clean URI)] 10:59:28 AM | [REQ] GET /status
[v8.0 (Clean URI)] 10:59:33 AM | [REQ] GET /status
[v8.0 (Clean URI)] 10:59:38 AM | [REQ] GET /status
[v8.0 (Clean URI)] 10:59:43 AM | [REQ] GET /status
[v8.0 (Clean URI)] 10:59:48 AM | [REQ] GET /status
[v8.0 (Clean URI)] 10:59:53 AM | [REQ] GET /status
[v8.0 (Clean URI)] 10:59:58 AM | [REQ] GET /status
[v8.0 (Clean URI)] 11:00:03 AM | [REQ] GET /status
[v8.0 (Clean URI)] 11:00:08 AM | [REQ] GET /status
[v8.0 (Clean URI)] 11:00:13 AM | [REQ] GET /status
[v8.0 (Clean URI)] 11:00:18 AM | [REQ] GET /status
[v8.0 (Clean URI)] 11:00:23 AM | [REQ] GET /status
[v8.0 (Clean URI)] 11:00:28 AM | [REQ] GET /status
[v8.0 (Clean URI)] 11:00:33 AM | [REQ] GET /status
[v8.0 (Clean URI)] 11:00:38 AM | [REQ] GET /status
[v8.0 (Clean URI)] 11:00:43 AM | [REQ] GET /status
[v8.0 (Clean URI)] 11:00:48 AM | [REQ] GET /status
[v8.0 (Clean URI)] 11:00:53 AM | [REQ] GET /status
[v8.0 (Clean URI)] 11:00:58 AM | [REQ] GET /status
[v8.0 (Clean URI)] 11:01:03 AM | [REQ] GET /status
[v8.0 (Clean URI)] 11:01:08 AM | [REQ] GET /status
[v8.0 (Clean URI)] 11:01:13 AM | [REQ] GET /status
[v8.0 (Clean URI)] 11:01:18 AM | [REQ] GET /status
[v8.0 (Clean URI)] 11:01:23 AM | [REQ] GET /status
[v8.0 (Clean URI)] 11:01:28 AM | [REQ] GET /status
[v8.0 (Clean URI)] 11:01:33 AM | [REQ] GET /status
[v8.0 (Clean URI)] 11:01:38 AM | [REQ] GET /status
[v8.0 (Clean URI)] 11:01:43 AM | [REQ] GET /status
[v8.0 (Clean URI)] 11:01:48 AM | [REQ] GET /status
[v8.0 (Clean URI)] 11:01:53 AM | [REQ] GET /status
[v8.0 (Clean URI)] 11:01:58 AM | [REQ] GET /status
[v8.0 (Clean URI)] 11:02:03 AM | [REQ] GET /status
[v8.0 (Clean URI)] 11:02:09 AM | [REQ] GET /status
[v8.0 (Clean URI)] 11:02:14 AM | [REQ] GET /status
[v8.0 (Clean URI)] 11:02:19 AM | [REQ] GET /status
[v8.0 (Clean URI)] 11:02:24 AM | [REQ] GET /status
[v8.0 (Clean URI)] 11:02:29 AM | [REQ] GET /status
[v8.0 (Clean URI)] 11:02:34 AM | [REQ] GET /status
[v8.0 (Clean URI)] 11:02:39 AM | [REQ] GET /status
[v8.0 (Clean URI)] 11:02:44 AM | [REQ] GET /status
[v8.0 (Clean URI)] 11:02:49 AM | [REQ] GET /status
[v8.0 (Clean URI)] 11:02:54 AM | [REQ] GET /status
[v8.0 (Clean URI)] 11:02:59 AM | [REQ] GET /status
[v8.0 (Clean URI)] 11:03:04 AM | [REQ] GET /status
[v8.0 (Clean URI)] 11:03:56 AM | [REQ] GET /status
[v8.0 (Clean URI)] 11:04:45 AM | [REQ] GET /devices
[v8.0 (Clean URI)] 11:04:49 AM | [REQ] GET /devices
[v8.0 (Clean URI)] 11:04:49 AM | [REQ] GET /status
[v8.0 (Clean URI)] 11:04:54 AM | [REQ] GET /status
[v8.0 (Clean URI)] 11:04:56 AM | [REQ] GET /status
[v8.0 (Clean URI)] 11:04:59 AM | [REQ] GET /status
[v8.0 (Clean URI)] 11:05:04 AM | [REQ] GET /status
[v8.0 (Clean URI)] 11:05:04 AM | [REQ] GET /devices
[v8.0 (Clean URI)] 11:05:09 AM | [REQ] GET /status
[v8.0 (Clean URI)] 11:05:10 AM | [REQ] GET /devices
[v8.0 (Clean URI)] 11:05:14 AM | [REQ] GET /status
[v8.0 (Clean URI)] 11:05:14 AM | [REQ] GET /devices
[v8.0 (Clean URI)] 11:05:18 AM | [REQ] GET /devices
[v8.0 (Clean URI)] 11:05:19 AM | [REQ] GET /status
[v8.0 (Clean URI)] 11:05:22 AM | [REQ] GET /devices
[v8.0 (Clean URI)] 11:05:32 AM | [REQ] GET /devices
[v8.0 (Clean URI)] 11:05:36 AM | [REQ] GET /status
[v8.0 (Clean URI)] 11:05:41 AM | [REQ] GET /status
[v8.0 (Clean URI)] 11:05:42 AM | [REQ] GET /devices
[v8.0 (Clean URI)] 11:05:46 AM | [REQ] GET /status
[v8.0 (Clean URI)] 11:05:51 AM | [REQ] GET /status
[v8.0 (Clean URI)] 11:05:56 AM | [REQ] GET /status
[v8.0 (Clean URI)] 11:05:56 AM | [REQ] GET /status
[v8.0 (Clean URI)] 11:06:01 AM | [REQ] GET /status
[v8.0 (Clean URI)] 11:06:06 AM | [REQ] GET /status
[v8.0 (Clean URI)] 11:06:11 AM | [REQ] GET /status
[v8.0 (Clean URI)] 11:06:16 AM | [REQ] GET /status
[v8.0 (Clean URI)] 11:06:21 AM | [REQ] GET /status
[v8.0 (Clean URI)] 11:06:26 AM | [REQ] GET /status
[v8.0 (Clean URI)] 11:06:31 AM | [REQ] GET /status
[v8.0 (Clean URI)] 11:06:36 AM | [REQ] GET /status
[v8.0 (Clean URI)] 11:06:41 AM | [REQ] GET /status
[v8.0 (Clean URI)] 11:06:46 AM | [REQ] GET /status
[v8.0 (Clean URI)] 11:06:48 AM | [REQ] GET /check
[v8.0 (Clean URI)] 11:06:52 AM | [REQ] GET /devices
[v8.0 (Clean URI)] 11:06:55 AM | [REQ] GET /scan
[v8.0 (Clean URI)] 11:06:56 AM | [REQ] GET /status
[v8.0 (Clean URI)] 11:06:56 AM | [REQ] GET /status
[v8.0 (Clean URI)] 11:06:59 AM | [REQ] GET /scan
[v8.0 (Clean URI)] 11:07:01 AM | [REQ] GET /status
[v8.0 (Clean URI)] 11:07:06 AM | [REQ] GET /status
[v8.0 (Clean URI)] 11:07:11 AM | [REQ] GET /status
[v8.0 (Clean URI)] 11:07:16 AM | [REQ] GET /status
[v8.0 (Clean URI)] 11:07:21 AM | [REQ] GET /status
[v8.0 (Clean URI)] 11:07:26 AM | [REQ] GET /status
[v8.0 (Clean URI)] 11:07:31 AM | [REQ] GET /status
[v8.0 (Clean URI)] 11:07:36 AM | [REQ] GET /status
[v8.0 (Clean URI)] 11:07:41 AM | [REQ] GET /status
[v8.0 (Clean URI)] 11:07:46 AM | [REQ] GET /status
[v8.0 (Clean URI)] 11:07:51 AM | [REQ] GET /status
[v8.0 (Clean URI)] 11:07:56 AM | [REQ] GET /status
[v8.0 (Clean URI)] 11:07:56 AM | [REQ] GET /status
[v8.0 (Clean URI)] 11:08:01 AM | [REQ] GET /status
[v8.0 (Clean URI)] 11:08:06 AM | [REQ] GET /status
[v8.0 (Clean URI)] 11:08:14 AM | [REQ] GET /devices
[v8.0 (Clean URI)] 11:08:18 AM | [REQ] GET /status
[v8.0 (Clean URI)] 11:08:20 AM | [REQ] GET /scan
[v8.0 (Clean URI)] 11:08:23 AM | [REQ] GET /status
[v8.0 (Clean URI)] 11:08:28 AM | [REQ] GET /status
[v8.0 (Clean URI)] 11:08:33 AM | [REQ] GET /status
[v8.0 (Clean URI)] 11:08:56 AM | [REQ] GET /status
[v8.0 (Clean URI)] 11:09:56 AM | [REQ] GET /status
[v8.0 (Clean URI)] 11:10:20 AM | [REQ] GET /status
[v8.0 (Clean URI)] 11:10:23 AM | [REQ] GET /status
[v8.0 (Clean URI)] 11:10:29 AM | [REQ] GET /status
[v8.0 (Clean URI)] 11:10:29 AM | [REQ] GET /devices
[v8.0 (Clean URI)] 11:10:34 AM | [REQ] GET /status
[v8.0 (Clean URI)] 11:10:39 AM | [REQ] GET /status
[v8.0 (Clean URI)] 11:10:44 AM | [REQ] GET /status
[v8.0 (Clean URI)] 11:10:46 AM | [REQ] GET /devices
[v8.0 (Clean URI)] 11:10:49 AM | [REQ] GET /status
[v8.0 (Clean URI)] 11:10:54 AM | [REQ] GET /status
[v8.0 (Clean URI)] 11:10:56 AM | [REQ] GET /devices
[v8.0 (Clean URI)] 11:10:59 AM | [REQ] GET /status
[v8.0 (Clean URI)] 11:11:02 AM | [REQ] GET /devices
[v8.0 (Clean URI)] 11:11:04 AM | [REQ] GET /status
[v8.0 (Clean URI)] 11:11:06 AM | [REQ] GET /status
[v8.0 (Clean URI)] 11:11:09 AM | [REQ] GET /status
[v8.0 (Clean URI)] 11:11:14 AM | [REQ] GET /status
[v8.0 (Clean URI)] 11:11:19 AM | [REQ] GET /status
[v8.0 (Clean URI)] 11:11:24 AM | [REQ] GET /status
[v8.0 (Clean URI)] 11:11:56 AM | [REQ] GET /status
[v8.0 (Clean URI)] 11:12:56 AM | [REQ] GET /status
[v8.0 (Clean URI)] 11:13:56 AM | [REQ] GET /status
[v8.0 (Clean URI)] 11:14:56 AM | [REQ] GET /status
[v8.0 (Clean URI)] 11:15:56 AM | [REQ] GET /status
[v8.0 (Clean URI)] 11:16:56 AM | [REQ] GET /status
[v8.0 (Clean URI)] 11:17:56 AM | [REQ] GET /status
[v8.0 (Clean URI)] 11:18:56 AM | [REQ] GET /status
[v8.0 (Clean URI)] 11:19:56 AM | [REQ] GET /status
[v8.0 (Clean URI)] 11:20:56 AM | [REQ] GET /status
[v8.0 (Clean URI)] 11:21:36 AM | [REQ] GET /scan
[v8.0 (Clean URI)] 11:21:36 AM | [REQ] GET /status
[v8.0 (Clean URI)] 11:21:41 AM | [REQ] GET /status
[v8.0 (Clean URI)] 11:21:41 AM | [REQ] GET /scan
[v8.0 (Clean URI)] 11:21:46 AM | [REQ] GET /status
[v8.0 (Clean URI)] 11:21:51 AM | [REQ] GET /status
[v8.0 (Clean URI)] 11:21:56 AM | [REQ] GET /status
[v8.0 (Clean URI)] 11:21:56 AM | [REQ] GET /status
[v8.0 (Clean URI)] 11:22:01 AM | [REQ] GET /status
[v8.0 (Clean URI)] 11:22:06 AM | [REQ] GET /status
[v8.0 (Clean URI)] 11:22:11 AM | [REQ] GET /status
[v8.0 (Clean URI)] 11:22:16 AM | [REQ] GET /status
[v8.0 (Clean URI)] 11:22:21 AM | [REQ] GET /status
[v8.0 (Clean URI)] 11:22:26 AM | [REQ] GET /status
[v8.0 (Clean URI)] 11:22:31 AM | [REQ] GET /status
[v8.0 (Clean URI)] 11:22:36 AM | [REQ] GET /status
[v8.0 (Clean URI)] 11:22:41 AM | [REQ] GET /status
[v8.0 (Clean URI)] 11:22:46 AM | [REQ] GET /status
[v8.0 (Clean URI)] 11:22:51 AM | [REQ] GET /status
[v8.0 (Clean URI)] 11:22:56 AM | [REQ] GET /status
[v8.0 (Clean URI)] 11:22:56 AM | [REQ] GET /status
[v8.0 (Clean URI)] 11:23:01 AM | [REQ] GET /status
[v8.0 (Clean URI)] 11:23:06 AM | [REQ] GET /status
[v8.0 (Clean URI)] 11:23:11 AM | [REQ] GET /status
[v8.0 (Clean URI)] 11:23:16 AM | [REQ] GET /status
[v8.0 (Clean URI)] 11:23:21 AM | [REQ] GET /status
[v8.0 (Clean URI)] 11:23:26 AM | [REQ] GET /status
[v8.0 (Clean URI)] 11:23:31 AM | [REQ] GET /status
[v8.0 (Clean URI)] 11:23:36 AM | [REQ] GET /status
[v8.0 (Clean URI)] 11:23:41 AM | [REQ] GET /status
[v8.0 (Clean URI)] 11:23:46 AM | [REQ] GET /status
[v8.0 (Clean URI)] 11:23:51 AM | [REQ] GET /status
[v8.0 (Clean URI)] 11:23:56 AM | [REQ] GET /status
[v8.0 (Clean URI)] 11:23:56 AM | [REQ] GET /status
[v8.0 (Clean URI)] 11:24:01 AM | [REQ] GET /status
[v8.0 (Clean URI)] 11:24:06 AM | [REQ] GET /status
[v8.0 (Clean URI)] 11:24:11 AM | [REQ] GET /status
[v8.0 (Clean URI)] 11:24:16 AM | [REQ] GET /status
[v8.0 (Clean URI)] 11:24:21 AM | [REQ] GET /status
[v8.0 (Clean URI)] 11:24:26 AM | [REQ] GET /status
[v8.0 (Clean URI)] 11:24:31 AM | [REQ] GET /status
[v8.0 (Clean URI)] 11:24:36 AM | [REQ] GET /status
[v8.0 (Clean URI)] 11:24:41 AM | [REQ] GET /status
[v8.0 (Clean URI)] 11:24:46 AM | [REQ] GET /status
[v8.0 (Clean URI)] 11:24:51 AM | [REQ] GET /status
[v8.0 (Clean URI)] 11:24:56 AM | [REQ] GET /status
[v8.0 (Clean URI)] 11:24:56 AM | [REQ] GET /status
[v8.0 (Clean URI)] 11:25:01 AM | [REQ] GET /status
[v8.0 (Clean URI)] 11:25:06 AM | [REQ] GET /status
[v8.0 (Clean URI)] 11:25:11 AM | [REQ] GET /status
[v8.0 (Clean URI)] 11:25:16 AM | [REQ] GET /status
[v8.0 (Clean URI)] 11:25:21 AM | [REQ] GET /status
[v8.0 (Clean URI)] 11:25:26 AM | [REQ] GET /status
[v8.0 (Clean URI)] 11:25:31 AM | [REQ] GET /status
[v8.0 (Clean URI)] 11:25:36 AM | [REQ] GET /status
[v8.0 (Clean URI)] 11:25:41 AM | [REQ] GET /status
[v8.0 (Clean URI)] 11:25:46 AM | [REQ] GET /status
[v8.0 (Clean URI)] 11:25:51 AM | [REQ] GET /status
[v8.0 (Clean URI)] 11:25:56 AM | [REQ] GET /status
[v8.0 (Clean URI)] 11:25:56 AM | [REQ] GET /status
[v8.0 (Clean URI)] 11:26:01 AM | [REQ] GET /status
[v8.0 (Clean URI)] 11:26:06 AM | [REQ] GET /status
[v8.0 (Clean URI)] 11:26:11 AM | [REQ] GET /status
[v8.0 (Clean URI)] 11:26:16 AM | [REQ] GET /status
[v8.0 (Clean URI)] 11:26:21 AM | [REQ] GET /status
[v8.0 (Clean URI)] 11:26:26 AM | [REQ] GET /status
[v8.0 (Clean URI)] 11:26:31 AM | [REQ] GET /status
[v8.0 (Clean URI)] 11:26:36 AM | [REQ] GET /status
[v8.0 (Clean URI)] 11:26:41 AM | [REQ] GET /status
[v8.0 (Clean URI)] 11:26:46 AM | [REQ] GET /status
[v8.0 (Clean URI)] 11:26:51 AM | [REQ] GET /status
[v8.0 (Clean URI)] 11:26:56 AM | [REQ] GET /status
[v8.0 (Clean URI)] 11:26:56 AM | [REQ] GET /status
[v8.0 (Clean URI)] 11:27:01 AM | [REQ] GET /status
[v8.0 (Clean URI)] 11:27:06 AM | [REQ] GET /status
[v8.0 (Clean URI)] 11:27:11 AM | [REQ] GET /status
[v8.0 (Clean URI)] 11:27:16 AM | [REQ] GET /status
[v8.0 (Clean URI)] 11:27:18 AM | [REQ] GET /status
[v8.0 (Clean URI)] 11:27:19 AM | [REQ] GET /status
[v8.0 (Clean URI)] 11:27:19 AM | [REQ] GET /status
[v8.0 (Clean URI)] 11:27:19 AM | [REQ] GET /scan
[v8.0 (Clean URI)] 11:27:20 AM | [REQ] GET /scan
[v8.0 (Clean URI)] 11:27:24 AM | [REQ] GET /status
[v8.0 (Clean URI)] 11:27:25 AM | [REQ] GET /scan
[v8.0 (Clean URI)] 11:27:25 AM | [REQ] GET /status
[v8.0 (Clean URI)] 11:27:25 AM | [REQ] GET /status
[v8.0 (Clean URI)] 11:27:25 AM | [REQ] GET /scan
[v8.0 (Clean URI)] 11:27:30 AM | [REQ] GET /status
[v8.0 (Clean URI)] 11:27:35 AM | [REQ] GET /status
[v8.0 (Clean URI)] 11:27:40 AM | [REQ] GET /status
[v8.0 (Clean URI)] 11:27:45 AM | [REQ] GET /status
[v8.0 (Clean URI)] 11:27:50 AM | [REQ] GET /status
[v8.0 (Clean URI)] 11:27:53 AM | [REQ] GET /scan
[v8.0 (Clean URI)] 11:27:53 AM | [REQ] GET /status
[v8.0 (Clean URI)] 11:27:55 AM | [REQ] GET /status
[v8.0 (Clean URI)] 11:27:58 AM | [REQ] GET /status
[v8.0 (Clean URI)] 11:28:00 AM | [REQ] GET /status
[v8.0 (Clean URI)] 11:28:03 AM | [REQ] GET /status
[v8.0 (Clean URI)] 11:28:05 AM | [REQ] POST /volume
[v8.0 (Clean URI)] 11:28:05 AM | [REQ] GET /status
[v8.0 (Clean URI)] 11:28:07 AM | [REQ] POST /volume
[v8.0 (Clean URI)] 11:28:08 AM | [REQ] GET /status
[v8.0 (Clean URI)] 11:28:09 AM | [REQ] POST /volume
[v8.0 (Clean URI)] 11:28:10 AM | [REQ] GET /status
[v8.0 (Clean URI)] 11:28:13 AM | [REQ] GET /status
[v8.0 (Clean URI)] 11:28:15 AM | [REQ] GET /status
[v8.0 (Clean URI)] 11:28:18 AM | [REQ] GET /status
[v8.0 (Clean URI)] 11:28:20 AM | [REQ] GET /status
[v8.0 (Clean URI)] 11:28:23 AM | [REQ] GET /status
[v8.0 (Clean URI)] 11:28:25 AM | [REQ] GET /status
[v8.0 (Clean URI)] 11:28:28 AM | [REQ] GET /status
[v8.0 (Clean URI)] 11:28:30 AM | [REQ] GET /status
[v8.0 (Clean URI)] 11:28:33 AM | [REQ] GET /status
[v8.0 (Clean URI)] 11:28:35 AM | [REQ] GET /status
[v8.0 (Clean URI)] 11:28:38 AM | [REQ] GET /status
[v8.0 (Clean URI)] 11:28:40 AM | [REQ] GET /status
[v8.0 (Clean URI)] 11:28:43 AM | [REQ] GET /status
[v8.0 (Clean URI)] 11:28:45 AM | [REQ] GET /status
[v8.0 (Clean URI)] 11:28:48 AM | [REQ] GET /status
[v8.0 (Clean URI)] 11:28:50 AM | [REQ] GET /status
[v8.0 (Clean URI)] 11:28:53 AM | [REQ] GET /status
[v8.0 (Clean URI)] 11:28:55 AM | [REQ] GET /status
[v8.0 (Clean URI)] 11:28:58 AM | [REQ] GET /status
[v8.0 (Clean URI)] 11:29:00 AM | [REQ] GET /status
[v8.0 (Clean URI)] 11:29:03 AM | [REQ] GET /status
[v8.0 (Clean URI)] 11:29:05 AM | [REQ] GET /status
[v8.0 (Clean URI)] 11:29:08 AM | [REQ] GET /status
[v8.0 (Clean URI)] 11:29:10 AM | [REQ] GET /status
[v8.0 (Clean URI)] 11:29:13 AM | [REQ] GET /status
[v8.0 (Clean URI)] 11:29:15 AM | [REQ] GET /status
[v8.0 (Clean URI)] 11:29:18 AM | [REQ] GET /status
[v8.0 (Clean URI)] 11:29:20 AM | [REQ] GET /status
[v8.0 (Clean URI)] 11:29:23 AM | [REQ] GET /status
[v8.0 (Clean URI)] 11:29:25 AM | [REQ] GET /status
[v8.0 (Clean URI)] 11:29:28 AM | [REQ] GET /status
[v8.0 (Clean URI)] 11:29:30 AM | [REQ] GET /status
[v8.0 (Clean URI)] 11:29:33 AM | [REQ] GET /status
[v8.0 (Clean URI)] 11:29:35 AM | [REQ] GET /status
[v8.0 (Clean URI)] 11:29:38 AM | [REQ] GET /status
[v8.0 (Clean URI)] 11:29:40 AM | [REQ] GET /status
[v8.0 (Clean URI)] 11:29:43 AM | [REQ] GET /status
[v8.0 (Clean URI)] 11:29:45 AM | [REQ] GET /status
[v8.0 (Clean URI)] 11:29:48 AM | [REQ] GET /status
[v8.0 (Clean URI)] 11:29:50 AM | [REQ] GET /status
[v8.0 (Clean URI)] 11:29:53 AM | [REQ] GET /status
[v8.0 (Clean URI)] 11:29:55 AM | [REQ] GET /status
[v8.0 (Clean URI)] 11:29:58 AM | [REQ] GET /status
[v8.0 (Clean URI)] 11:30:00 AM | [REQ] GET /status
[v8.0 (Clean URI)] 11:30:03 AM | [REQ] GET /status
[v8.0 (Clean URI)] 11:30:05 AM | [REQ] GET /status
[v8.0 (Clean URI)] 11:30:08 AM | [REQ] GET /status
[v8.0 (Clean URI)] 11:30:10 AM | [REQ] GET /status
[v8.0 (Clean URI)] 11:30:13 AM | [REQ] GET /status
[v8.0 (Clean URI)] 11:30:15 AM | [REQ] GET /status
[v8.0 (Clean URI)] 11:30:18 AM | [REQ] GET /status
[v8.0 (Clean URI)] 11:30:20 AM | [REQ] GET /status
[v8.0 (Clean URI)] 11:30:23 AM | [REQ] GET /status
[v8.0 (Clean URI)] 11:30:25 AM | [REQ] GET /status
[v8.0 (Clean URI)] 11:30:28 AM | [REQ] GET /status
[v8.0 (Clean URI)] 11:30:30 AM | [REQ] GET /status
[v8.0 (Clean URI)] 11:30:33 AM | [REQ] GET /status
[v8.0 (Clean URI)] 11:30:35 AM | [REQ] GET /status
[v8.0 (Clean URI)] 11:30:38 AM | [REQ] GET /status
[v8.0 (Clean URI)] 11:30:40 AM | [REQ] GET /status
[v8.0 (Clean URI)] 11:30:43 AM | [REQ] GET /status
[v8.0 (Clean URI)] 11:30:45 AM | [REQ] GET /status
[v8.0 (Clean URI)] 11:30:48 AM | [REQ] GET /status
[v8.0 (Clean URI)] 11:30:50 AM | [REQ] GET /status
[v8.0 (Clean URI)] 11:30:53 AM | [REQ] GET /status
[v8.0 (Clean URI)] 11:30:55 AM | [REQ] GET /status
[v8.0 (Clean URI)] 11:30:58 AM | [REQ] GET /status
[v8.0 (Clean URI)] 11:31:00 AM | [REQ] GET /status
[v8.0 (Clean URI)] 11:31:03 AM | [REQ] GET /status
[v8.0 (Clean URI)] 11:31:05 AM | [REQ] GET /status
[v8.0 (Clean URI)] 11:31:08 AM | [REQ] GET /status
[v8.0 (Clean URI)] 11:31:10 AM | [REQ] GET /status
[v8.0 (Clean URI)] 11:31:13 AM | [REQ] GET /status
[v8.0 (Clean URI)] 11:31:15 AM | [REQ] GET /status
[v8.0 (Clean URI)] 11:31:18 AM | [REQ] GET /status
[v8.0 (Clean URI)] 11:31:20 AM | [REQ] GET /status
[v8.0 (Clean URI)] 11:31:23 AM | [REQ] GET /status
[v8.0 (Clean URI)] 11:31:25 AM | [REQ] GET /status
[v8.0 (Clean URI)] 11:31:28 AM | [REQ] GET /status
[v8.0 (Clean URI)] 11:31:30 AM | [REQ] GET /status
[v8.0 (Clean URI)] 11:31:33 AM | [REQ] GET /status
[v8.0 (Clean URI)] 11:31:35 AM | [REQ] GET /status
[v8.0 (Clean URI)] 11:31:38 AM | [REQ] GET /status
[v8.0 (Clean URI)] 11:31:40 AM | [REQ] GET /status
[v8.0 (Clean URI)] 11:31:43 AM | [REQ] GET /status
[v8.0 (Clean URI)] 11:31:45 AM | [REQ] GET /status
[v8.0 (Clean URI)] 11:31:48 AM | [REQ] GET /status
[v8.0 (Clean URI)] 11:31:50 AM | [REQ] GET /status
[v8.0 (Clean URI)] 11:31:53 AM | [REQ] GET /status
[v8.0 (Clean URI)] 11:31:55 AM | [REQ] GET /status
[v8.0 (Clean URI)] 11:31:58 AM | [REQ] GET /status
[v8.0 (Clean URI)] 11:32:00 AM | [REQ] GET /status
[v8.0 (Clean URI)] 11:32:03 AM | [REQ] GET /status
[v8.0 (Clean URI)] 11:32:05 AM | [REQ] GET /status
[v8.0 (Clean URI)] 11:32:08 AM | [REQ] GET /status
[v8.0 (Clean URI)] 11:32:10 AM | [REQ] GET /status
[v8.0 (Clean URI)] 11:32:13 AM | [REQ] GET /status
[v8.0 (Clean URI)] 11:32:15 AM | [REQ] GET /status
[v8.0 (Clean URI)] 11:32:18 AM | [REQ] GET /status
[v8.0 (Clean URI)] 11:32:20 AM | [REQ] GET /status
[v8.0 (Clean URI)] 11:32:23 AM | [REQ] GET /status
[v8.0 (Clean URI)] 11:32:25 AM | [REQ] GET /status
[v8.0 (Clean URI)] 11:32:28 AM | [REQ] GET /status
[v8.0 (Clean URI)] 11:32:30 AM | [REQ] GET /status
[v8.0 (Clean URI)] 11:32:33 AM | [REQ] GET /status
[v8.0 (Clean URI)] 11:32:35 AM | [REQ] GET /status
[v8.0 (Clean URI)] 11:32:38 AM | [REQ] GET /status
[v8.0 (Clean URI)] 11:32:40 AM | [REQ] GET /status
[v8.0 (Clean URI)] 11:32:43 AM | [REQ] GET /status
[v8.0 (Clean URI)] 11:32:45 AM | [REQ] GET /status
[v8.0 (Clean URI)] 11:32:48 AM | [REQ] GET /status
[v8.0 (Clean URI)] 11:32:50 AM | [REQ] GET /status
[v8.0 (Clean URI)] 11:32:53 AM | [REQ] GET /status
[v8.0 (Clean URI)] 11:32:55 AM | [REQ] GET /status
[v8.0 (Clean URI)] 11:32:58 AM | [REQ] GET /status
[v8.0 (Clean URI)] 11:33:00 AM | [REQ] GET /status
[v8.0 (Clean URI)] 11:33:03 AM | [REQ] GET /status
[v8.0 (Clean URI)] 11:33:05 AM | [REQ] GET /status
[v8.0 (Clean URI)] 11:33:08 AM | [REQ] GET /status
[v8.0 (Clean URI)] 11:33:10 AM | [REQ] GET /status
[v8.0 (Clean URI)] 11:33:13 AM | [REQ] GET /status
[v8.0 (Clean URI)] 11:33:15 AM | [REQ] GET /status
[v8.0 (Clean URI)] 11:33:18 AM | [REQ] GET /status
[v8.0 (Clean URI)] 11:33:20 AM | [REQ] GET /status
[v8.0 (Clean URI)] 11:33:23 AM | [REQ] GET /status
[v8.0 (Clean URI)] 11:33:25 AM | [REQ] GET /status
[v8.0 (Clean URI)] 11:33:28 AM | [REQ] GET /status
[v8.0 (Clean URI)] 11:33:30 AM | [REQ] GET /status
[v8.0 (Clean URI)] 11:33:33 AM | [REQ] GET /status
[v8.0 (Clean URI)] 11:33:35 AM | [REQ] GET /status
[v8.0 (Clean URI)] 11:33:38 AM | [REQ] GET /status
[v8.0 (Clean URI)] 11:33:40 AM | [REQ] GET /status
[v8.0 (Clean URI)] 11:33:43 AM | [REQ] GET /status
[v8.0 (Clean URI)] 11:33:45 AM | [REQ] GET /status
[v8.0 (Clean URI)] 11:33:48 AM | [REQ] GET /status
[v8.0 (Clean URI)] 11:33:50 AM | [REQ] GET /status
[v8.0 (Clean URI)] 11:33:53 AM | [REQ] GET /status
[v8.0 (Clean URI)] 11:33:55 AM | [REQ] GET /status
[v8.0 (Clean URI)] 11:33:58 AM | [REQ] GET /status
[v8.0 (Clean URI)] 11:34:00 AM | [REQ] GET /status
[v8.0 (Clean URI)] 11:34:03 AM | [REQ] GET /status
[v8.0 (Clean URI)] 11:34:05 AM | [REQ] GET /status
[v8.0 (Clean URI)] 11:34:08 AM | [REQ] GET /status
[v8.0 (Clean URI)] 11:34:10 AM | [REQ] GET /status
[v8.0 (Clean URI)] 11:34:13 AM | [REQ] GET /status
[v8.0 (Clean URI)] 11:34:15 AM | [REQ] GET /status
[v8.0 (Clean URI)] 11:34:18 AM | [REQ] GET /status
[v8.0 (Clean URI)] 11:34:20 AM | [REQ] GET /status
[v8.0 (Clean URI)] 11:34:23 AM | [REQ] GET /status
[v8.0 (Clean URI)] 11:34:25 AM | [REQ] GET /status
[v8.0 (Clean URI)] 11:34:28 AM | [REQ] GET /status
[v8.0 (Clean URI)] 11:34:30 AM | [REQ] GET /status
[v8.0 (Clean URI)] 11:34:33 AM | [REQ] GET /status
[v8.0 (Clean URI)] 11:34:35 AM | [REQ] GET /status
[v8.0 (Clean URI)] 11:34:38 AM | [REQ] GET /status
[v8.0 (Clean URI)] 11:34:40 AM | [REQ] GET /status
[v8.0 (Clean URI)] 11:34:43 AM | [REQ] GET /status
[v8.0 (Clean URI)] 11:34:45 AM | [REQ] GET /status
[v8.0 (Clean URI)] 11:34:48 AM | [REQ] GET /status
[v8.0 (Clean URI)] 11:34:50 AM | [REQ] GET /status
[v8.0 (Clean URI)] 11:34:53 AM | [REQ] GET /status
[v8.0 (Clean URI)] 11:34:55 AM | [REQ] GET /status
[v8.0 (Clean URI)] 11:34:58 AM | [REQ] GET /status
[v8.0 (Clean URI)] 11:35:00 AM | [REQ] GET /status
[v8.0 (Clean URI)] 11:35:03 AM | [REQ] GET /status
[v8.0 (Clean URI)] 11:35:05 AM | [REQ] GET /status
[v8.0 (Clean URI)] 11:35:08 AM | [REQ] GET /status
[v8.0 (Clean URI)] 11:35:10 AM | [REQ] GET /status
[v8.0 (Clean URI)] 11:35:13 AM | [REQ] GET /status
[v8.0 (Clean URI)] 11:35:15 AM | [REQ] GET /status
[v8.0 (Clean URI)] 11:35:18 AM | [REQ] GET /status
[v8.0 (Clean URI)] 11:35:20 AM | [REQ] GET /status
[v8.0 (Clean URI)] 11:35:23 AM | [REQ] GET /status
[v8.0 (Clean URI)] 11:35:25 AM | [REQ] GET /status
[v8.0 (Clean URI)] 11:35:28 AM | [REQ] GET /status
[v8.0 (Clean URI)] 11:35:30 AM | [REQ] GET /status
[v8.0 (Clean URI)] 11:35:33 AM | [REQ] GET /status
[v8.0 (Clean URI)] 11:35:35 AM | [REQ] GET /status
[v8.0 (Clean URI)] 11:35:38 AM | [REQ] GET /status
[v8.0 (Clean URI)] 11:35:40 AM | [REQ] GET /status
[v8.0 (Clean URI)] 11:35:43 AM | [REQ] GET /status
[v8.0 (Clean URI)] 11:35:45 AM | [REQ] GET /status
[v8.0 (Clean URI)] 11:35:48 AM | [REQ] GET /status
[v8.0 (Clean URI)] 11:35:50 AM | [REQ] GET /status
[v8.0 (Clean URI)] 11:35:53 AM | [REQ] GET /status
[v8.0 (Clean URI)] 11:35:55 AM | [REQ] GET /status
[v8.0 (Clean URI)] 11:35:58 AM | [REQ] GET /status
[v8.0 (Clean URI)] 11:36:00 AM | [REQ] GET /status
[v8.0 (Clean URI)] 11:36:03 AM | [REQ] GET /status
[v8.0 (Clean URI)] 11:36:05 AM | [REQ] GET /status
[v8.0 (Clean URI)] 11:36:08 AM | [REQ] GET /status
[v8.0 (Clean URI)] 11:36:10 AM | [REQ] GET /status
[v8.0 (Clean URI)] 11:36:13 AM | [REQ] GET /status
[v8.0 (Clean URI)] 11:36:15 AM | [REQ] GET /status
[v8.0 (Clean URI)] 11:36:18 AM | [REQ] GET /status
[v8.0 (Clean URI)] 11:36:20 AM | [REQ] GET /status
[v8.0 (Clean URI)] 11:36:23 AM | [REQ] GET /status
[v8.0 (Clean URI)] 11:36:25 AM | [REQ] GET /status
[v8.0 (Clean URI)] 11:36:28 AM | [REQ] GET /status
[v8.0 (Clean URI)] 11:36:30 AM | [REQ] GET /status
[v8.0 (Clean URI)] 11:36:33 AM | [REQ] GET /status
[v8.0 (Clean URI)] 11:36:35 AM | [REQ] GET /status
[v8.0 (Clean URI)] 11:36:38 AM | [REQ] GET /status
[v8.0 (Clean URI)] 11:36:40 AM | [REQ] GET /status
[v8.0 (Clean URI)] 11:36:43 AM | [REQ] GET /status
[v8.0 (Clean URI)] 11:36:45 AM | [REQ] GET /status
[v8.0 (Clean URI)] 11:36:48 AM | [REQ] GET /status
[v8.0 (Clean URI)] 11:36:50 AM | [REQ] GET /status
[v8.0 (Clean URI)] 11:36:53 AM | [REQ] GET /status
[v8.0 (Clean URI)] 11:36:55 AM | [REQ] GET /status
[v8.0 (Clean URI)] 11:36:58 AM | [REQ] GET /status
[v8.0 (Clean URI)] 11:37:00 AM | [REQ] GET /status
[v8.0 (Clean URI)] 11:37:03 AM | [REQ] GET /status
[v8.0 (Clean URI)] 11:37:05 AM | [REQ] GET /status
[v8.0 (Clean URI)] 11:37:08 AM | [REQ] GET /status
[v8.0 (Clean URI)] 11:37:10 AM | [REQ] GET /status
[v8.0 (Clean URI)] 11:37:13 AM | [REQ] GET /status
[v8.0 (Clean URI)] 11:37:15 AM | [REQ] GET /status
[v8.0 (Clean URI)] 11:37:18 AM | [REQ] GET /status
[v8.0 (Clean URI)] 11:37:18 AM | [REQ] GET /status
[v8.0 (Clean URI)] 11:37:18 AM | [REQ] GET /scan
[v8.0 (Clean URI)] 11:37:23 AM | [REQ] GET /status
[v8.0 (Clean URI)] 11:37:23 AM | [REQ] GET /status
[v8.0 (Clean URI)] 11:37:28 AM | [REQ] GET /status
[v8.0 (Clean URI)] 11:37:28 AM | [REQ] GET /status
[v8.0 (Clean URI)] 11:37:33 AM | [REQ] GET /status
[v8.0 (Clean URI)] 11:37:33 AM | [REQ] GET /status
[v8.0 (Clean URI)] 11:37:38 AM | [REQ] GET /status
[v8.0 (Clean URI)] 11:37:38 AM | [REQ] GET /status
[v8.0 (Clean URI)] 11:37:43 AM | [REQ] GET /status
[v8.0 (Clean URI)] 11:37:43 AM | [REQ] GET /status
[v8.0 (Clean URI)] 11:37:48 AM | [REQ] GET /status
[v8.0 (Clean URI)] 11:37:48 AM | [REQ] GET /status
[v8.0 (Clean URI)] 11:37:53 AM | [REQ] GET /status
[v8.0 (Clean URI)] 11:37:59 AM | [REQ] GET /status
[v8.0 (Clean URI)] 11:38:04 AM | [REQ] GET /status
[v8.0 (Clean URI)] 11:38:09 AM | [REQ] GET /status
[v8.0 (Clean URI)] 11:38:14 AM | [REQ] GET /status
[v8.0 (Clean URI)] 11:38:19 AM | [REQ] GET /status
[v8.0 (Clean URI)] 11:38:24 AM | [REQ] GET /status
[v8.0 (Clean URI)] 11:38:29 AM | [REQ] GET /status
[v8.0 (Clean URI)] 11:38:34 AM | [REQ] GET /status
[v8.0 (Clean URI)] 11:38:39 AM | [REQ] GET /status
[v8.0 (Clean URI)] 11:38:44 AM | [REQ] GET /status
[v8.0 (Clean URI)] 11:38:49 AM | [REQ] GET /status
[v8.0 (Clean URI)] 11:38:54 AM | [REQ] GET /status
[v8.0 (Clean URI)] 11:39:45 AM | [REQ] GET /status
[v8.0 (Clean URI)] 11:39:46 AM | [REQ] GET /status
[v8.0 (Clean URI)] 11:39:46 AM | [REQ] GET /status
[v8.0 (Clean URI)] 11:39:46 AM | [REQ] GET /scan
[v8.0 (Clean URI)] 11:39:46 AM | [REQ] GET /scan
[v8.0 (Clean URI)] 11:39:51 AM | [REQ] GET /status
[v8.0 (Clean URI)] 11:39:56 AM | [REQ] GET /status
[v8.0 (Clean URI)] 11:39:59 AM | [REQ] GET /scan
[v8.0 (Clean URI)] 11:39:59 AM | [REQ] GET /status
[v8.0 (Clean URI)] 11:40:01 AM | [REQ] GET /status
[v8.0 (Clean URI)] 11:40:04 AM | [REQ] GET /status
[v8.0 (Clean URI)] 11:40:06 AM | [REQ] GET /status
[v8.0 (Clean URI)] 11:40:09 AM | [REQ] GET /status
[v8.0 (Clean URI)] 11:40:11 AM | [REQ] GET /status
[v8.0 (Clean URI)] 11:40:17 AM | [REQ] GET /status
[v8.0 (Clean URI)] 11:40:22 AM | [REQ] GET /status
[v8.0 (Clean URI)] 11:40:27 AM | [REQ] GET /status
[v8.0 (Clean URI)] 11:40:32 AM | [REQ] GET /status
[v8.0 (Clean URI)] 11:40:37 AM | [REQ] GET /status
[v8.0 (Clean URI)] 11:40:42 AM | [REQ] GET /status
[v8.0 (Clean URI)] 11:40:47 AM | [REQ] GET /status
[v8.0 (Clean URI)] 11:40:52 AM | [REQ] GET /status
[v8.0 (Clean URI)] 11:40:57 AM | [REQ] GET /status
[v8.0 (Clean URI)] 11:41:02 AM | [REQ] GET /status
[v8.0 (Clean URI)] 11:41:07 AM | [REQ] GET /status
[v8.0 (Clean URI)] 11:41:12 AM | [REQ] GET /status
[v8.0 (Clean URI)] 11:41:56 AM | [REQ] GET /status
[v8.0 (Clean URI)] 11:42:56 AM | [REQ] GET /status
[v8.0 (Clean URI)] 11:43:56 AM | [REQ] GET /status
[v8.0 (Clean URI)] 11:44:56 AM | [REQ] GET /status
[v8.0 (Clean URI)] 11:45:56 AM | [REQ] GET /status
[v8.0 (Clean URI)] 11:46:56 AM | [REQ] GET /status
[v8.0 (Clean URI)] 11:47:56 AM | [REQ] GET /status
[v8.0 (Clean URI)] 11:48:56 AM | [REQ] GET /status
[v8.0 (Clean URI)] 11:49:56 AM | [REQ] GET /status
[v8.0 (Clean URI)] 11:50:53 AM | [REQ] GET /status
[v8.0 (Clean URI)] 11:50:53 AM | [REQ] GET /scan
[v8.0 (Clean URI)] 11:50:53 AM | [REQ] GET /status
[v8.0 (Clean URI)] 11:50:53 AM | [REQ] GET /scan
[v8.0 (Clean URI)] 11:50:59 AM | [REQ] GET /status
[v8.0 (Clean URI)] 12:06:26 PM | [REQ] GET /status
[v8.0 (Clean URI)] 12:06:27 PM | STREAM CLOSED.
[v8.0 (Clean URI)] 12:06:27 PM | - Restart skipped (too old): client closed
[v8.0 (Clean URI)] 12:06:31 PM | [REQ] GET /status
[v8.0 (Clean URI)] 12:06:36 PM | [REQ] GET /status
[v8.0 (Clean URI)] 12:06:41 PM | [REQ] GET /status
[v8.0 (Clean URI)] 12:06:46 PM | [REQ] GET /status
[v8.0 (Clean URI)] 12:06:51 PM | [REQ] GET /status
[v8.0 (Clean URI)] 12:06:56 PM | [REQ] GET /status
[v8.0 (Clean URI)] 12:07:01 PM | [REQ] GET /status
[v8.0 (Clean URI)] 12:07:06 PM | [REQ] GET /status
[v8.0 (Clean URI)] 12:07:11 PM | [REQ] GET /status
[v8.0 (Clean URI)] 12:07:18 PM | [REQ] GET /status
[v8.0 (Clean URI)] 12:08:18 PM | [REQ] GET /status
[v8.0 (Clean URI)] 12:09:36 PM | [REQ] GET /status
[v8.0 (Clean URI)] 12:25:46 PM | [REQ] GET /status
[v8.0 (Clean URI)] 12:26:46 PM | [REQ] GET /status
[v8.0 (Clean URI)] 12:43:00 PM | [REQ] GET /status
[v8.0 (Clean URI)] 1:00:21 PM | [REQ] GET /status
[v8.0 (Clean URI)] 1:01:21 PM | [REQ] GET /status
[v8.0 (Clean URI)] 1:19:05 PM | [REQ] GET /status
[v8.0 (Clean URI)] 1:21:12 PM | [REQ] GET /logs
[v8.0 (Clean URI)] 1:21:12 PM | [REQ] GET /favicon.ico
[v8.0 (Clean URI)] 1:21:22 PM | [REQ] GET /status
[v8.0 (Clean URI)] 1:21:33 PM | [REQ] GET /scan
[v8.0 (Clean URI)] 1:21:33 PM | [REQ] GET /status
[v8.0 (Clean URI)] 1:21:38 PM | [REQ] GET /status
[v8.0 (Clean URI)] 1:21:41 PM | [REQ] POST /group
[v8.0 (Clean URI)] 1:21:41 PM | - Joined 10.10.4.188 -> Media Room
[v8.0 (Clean URI)] 1:21:41 PM | [REQ] POST /play
[v8.0 (Clean URI)] 1:21:41 PM | SETUP CLEAN PLAY: https://www.youtube.com/watch?v=RwAIdGJAl78&list=RDRwAIdGJAl78&start_radio=1 on 10.10.4.104
[v8.0 (Clean URI)] 1:21:43 PM | [REQ] GET /status
[v8.0 (Clean URI)] 1:21:43 PM | - Title: 【朝カフェ☕作業用BGM】冬の光が差し込む朝の洋楽❄️部屋でかけ流す心地よいプレイリスト🎧｜Playlist｜Chill & Relax｜4時間｜家事｜女性ボーカル
[v8.0 (Clean URI)] 1:21:43 PM | - Primary URI: x-rincon-mp3radio://10.10.4.213:3005/sonons.mp3
[v8.0 (Clean URI)] 1:21:43 PM | - Trying AVTransport: x-rincon-mp3radio + meta
[v8.0 (Clean URI)] 1:21:43 PM | - Starting playback...
[v8.0 (Clean URI)] 1:21:43 PM | [REQ] GET /sonons.mp3
[v8.0 (Clean URI)] 1:21:43 PM | SPEAKER CONNECTED to /sonons.mp3
[v8.0 (Clean URI)] 1:21:45 PM | - Direct URL resolved
[v8.0 (Clean URI)] 1:21:45 PM | STREAM CLOSED.
[v8.0 (Clean URI)] 1:21:45 PM | - Restart skipped (too old): client closed
[v8.0 (Clean URI)] 1:21:45 PM | FF Exit: code=255 signal=null
[v8.0 (Clean URI)] 1:21:45 PM | [SUCCESS] Device accepted: x-rincon-mp3radio + meta
[v8.0 (Clean URI)] 1:21:45 PM | [REQ] GET /status
[v8.0 (Clean URI)] 1:21:45 PM | [REQ] GET /sonons.mp3
[v8.0 (Clean URI)] 1:21:45 PM | SPEAKER CONNECTED to /sonons.mp3
[v8.0 (Clean URI)] 1:21:47 PM | - Direct URL resolved
[v8.0 (Clean URI)] 1:21:48 PM | [REQ] GET /status
[v8.0 (Clean URI)] 1:21:53 PM | [REQ] GET /status
[v8.0 (Clean URI)] 1:21:58 PM | [REQ] GET /status
[v8.0 (Clean URI)] 1:22:03 PM | [REQ] GET /status
[v8.0 (Clean URI)] 1:22:05 PM | [REQ] GET /status
[v8.0 (Clean URI)] 1:22:06 PM | [REQ] GET /status
[v8.0 (Clean URI)] 1:22:06 PM | [REQ] GET /status
[v8.0 (Clean URI)] 1:22:06 PM | [REQ] GET /scan
[v8.0 (Clean URI)] 1:22:06 PM | [REQ] GET /scan
[v8.0 (Clean URI)] 1:22:11 PM | [REQ] GET /status
[v8.0 (Clean URI)] 1:22:16 PM | [REQ] GET /status
[v8.0 (Clean URI)] 1:22:21 PM | [REQ] GET /status
[v8.0 (Clean URI)] 1:22:26 PM | [REQ] GET /status
[v8.0 (Clean URI)] 1:22:31 PM | [REQ] GET /status
[v8.0 (Clean URI)] 1:22:36 PM | [REQ] GET /status
[v8.0 (Clean URI)] 1:22:41 PM | [REQ] GET /status
[v8.0 (Clean URI)] 1:22:41 PM | [REQ] GET /scan
[v8.0 (Clean URI)] 1:22:41 PM | [REQ] GET /status
[v8.0 (Clean URI)] 1:22:46 PM | [REQ] GET /status
[v8.0 (Clean URI)] 1:22:46 PM | [REQ] GET /status
[v8.0 (Clean URI)] 1:22:51 PM | [REQ] GET /status
[v8.0 (Clean URI)] 1:22:51 PM | [REQ] GET /status
[v8.0 (Clean URI)] 1:22:56 PM | [REQ] GET /status
[v8.0 (Clean URI)] 1:22:56 PM | [REQ] GET /status
[v8.0 (Clean URI)] 1:23:01 PM | [REQ] GET /status
[v8.0 (Clean URI)] 1:23:01 PM | [REQ] GET /status
[v8.0 (Clean URI)] 1:23:06 PM | [REQ] GET /status
[v8.0 (Clean URI)] 1:23:06 PM | [REQ] GET /status
[v8.0 (Clean URI)] 1:23:11 PM | [REQ] GET /status
[v8.0 (Clean URI)] 1:23:11 PM | [REQ] GET /status
[v8.0 (Clean URI)] 1:23:16 PM | [REQ] GET /status
[v8.0 (Clean URI)] 1:23:16 PM | [REQ] GET /status
[v8.0 (Clean URI)] 1:23:21 PM | [REQ] GET /status
[v8.0 (Clean URI)] 1:23:21 PM | [REQ] GET /status
[v8.0 (Clean URI)] 1:23:26 PM | [REQ] GET /status
[v8.0 (Clean URI)] 1:23:26 PM | [REQ] GET /status
[v8.0 (Clean URI)] 1:23:31 PM | [REQ] GET /status
[v8.0 (Clean URI)] 1:23:31 PM | [REQ] GET /status
[v8.0 (Clean URI)] 1:23:36 PM | [REQ] GET /status
[v8.0 (Clean URI)] 1:23:36 PM | [REQ] GET /status
[v8.0 (Clean URI)] 1:23:41 PM | [REQ] GET /status
[v8.0 (Clean URI)] 1:23:41 PM | [REQ] GET /status
[v8.0 (Clean URI)] 1:23:46 PM | [REQ] GET /status
[v8.0 (Clean URI)] 1:23:46 PM | [REQ] GET /status
[v8.0 (Clean URI)] 1:23:51 PM | [REQ] GET /status
[v8.0 (Clean URI)] 1:23:51 PM | [REQ] GET /status
[v8.0 (Clean URI)] 1:23:56 PM | [REQ] GET /status
[v8.0 (Clean URI)] 1:23:56 PM | [REQ] GET /status
[v8.0 (Clean URI)] 1:24:01 PM | [REQ] GET /status
[v8.0 (Clean URI)] 1:24:01 PM | [REQ] GET /status
[v8.0 (Clean URI)] 1:24:06 PM | [REQ] GET /status
[v8.0 (Clean URI)] 1:24:06 PM | [REQ] GET /status
[v8.0 (Clean URI)] 1:24:11 PM | [REQ] GET /status
[v8.0 (Clean URI)] 1:24:11 PM | [REQ] GET /status
[v8.0 (Clean URI)] 1:24:16 PM | [REQ] GET /status
[v8.0 (Clean URI)] 1:24:16 PM | [REQ] GET /status
[v8.0 (Clean URI)] 1:24:21 PM | [REQ] GET /status
[v8.0 (Clean URI)] 1:24:21 PM | [REQ] GET /status
[v8.0 (Clean URI)] 1:24:26 PM | [REQ] GET /status
[v8.0 (Clean URI)] 1:24:26 PM | [REQ] GET /status
[v8.0 (Clean URI)] 1:24:31 PM | [REQ] GET /status
[v8.0 (Clean URI)] 1:24:31 PM | [REQ] GET /status
[v8.0 (Clean URI)] 1:24:36 PM | [REQ] GET /status
[v8.0 (Clean URI)] 1:24:36 PM | [REQ] GET /status
[v8.0 (Clean URI)] 1:24:41 PM | [REQ] GET /status
[v8.0 (Clean URI)] 1:24:41 PM | [REQ] GET /status
[v8.0 (Clean URI)] 1:24:46 PM | [REQ] GET /status
[v8.0 (Clean URI)] 1:24:46 PM | [REQ] GET /status
[v8.0 (Clean URI)] 1:24:51 PM | [REQ] GET /status
[v8.0 (Clean URI)] 1:24:51 PM | [REQ] GET /status
[v8.0 (Clean URI)] 1:24:56 PM | [REQ] GET /status
[v8.0 (Clean URI)] 1:24:56 PM | [REQ] GET /status
[v8.0 (Clean URI)] 1:25:01 PM | [REQ] GET /status
[v8.0 (Clean URI)] 1:25:01 PM | [REQ] GET /status
